   0.000020881s  INFO main service_manager: Starting service-manager...
   0.000721470s  INFO main service_manager::controller: Entering main loop
   6.525312874s  INFO main service_manager::controller: Starting service name=sora
   6.526185891s  INFO worker-(sora) service_manager::controller::child: Entering main processing loop name=sora
   6.526240593s  INFO worker-stderr-(sora) service_manager::controller::child: Entering main processing loop for stderr thread
   7.445282765s  INFO                 main service_manager::controller: Starting service name=ganache
   7.446456634s  INFO     worker-(ganache) service_manager::controller::child: Entering main processing loop name=ganache
   7.446519227s  INFO worker-stderr-(ganache) service_manager::controller::child: Entering main processing loop for stderr thread
  14.045299465s  INFO                    main service_manager::controller: Starting service name=deploy-old-ganache
  14.046181472s  INFO worker-(deploy-old-ganache) service_manager::controller::child: Entering main processing loop name=deploy-old-ganache
  14.046236134s  INFO worker-stderr-(deploy-old-ganache) service_manager::controller::child: Entering main processing loop for stderr thread
  78.764906484s  INFO                               main service_manager::controller: Starting service name=deploy-new-ganache
  78.765492819s  INFO        worker-(deploy-new-ganache) service_manager::controller::child: Entering main processing loop name=deploy-new-ganache
  78.765533121s  INFO worker-stderr-(deploy-new-ganache) service_manager::controller::child: Entering main processing loop for stderr thread
 141.864472165s  INFO                               main service_manager::controller: Starting service name=register-old-bridge
 141.865413035s  INFO       worker-(register-old-bridge) service_manager::controller::child: Entering main processing loop name=register-old-bridge
 141.865432406s  INFO worker-stderr-(register-old-bridge) service_manager::controller::child: Entering main processing loop for stderr thread
 142.327552276s  INFO                                main service_manager::controller: Starting service name=register-new-bridge
 142.328503936s  INFO        worker-(register-new-bridge) service_manager::controller::child: Entering main processing loop name=register-new-bridge
 142.328546538s  INFO worker-stderr-(register-new-bridge) service_manager::controller::child: Entering main processing loop for stderr thread
 217.263920137s  INFO                                main service_manager::controller: Terminating child thread... index=0
 217.263949028s  INFO                                main service_manager::controller: Terminating child thread... index=1
 217.263956038s  INFO                                main service_manager::controller: Terminating child thread... index=2
 217.263961589s  INFO                                main service_manager::controller: Terminating child thread... index=3
 217.263966639s  INFO                                main service_manager::controller: Terminating child thread... index=4
 217.263971379s  INFO                                main service_manager::controller: Terminating child thread... index=5
